#!/usr/bin/env python2

import unittest, sys, os, tempfile, shutil, re, threading, time, signal, glob, traceback, logging

LIB_DIR = os.path.dirname(os.path.dirname(os.path.abspath(__file__)))
sys.path.append(LIB_DIR)
from CIME.utils import run_cmd
import CIME.utils, update_acme_tests, wait_for_tests
import CIME.system_test
from  CIME.system_test import SystemTest
from  CIME.XML.machines import Machines
from  CIME.XML.files import Files
from  CIME.case import Case

SCRIPT_DIR  = CIME.utils.get_scripts_root()
TOOLS_DIR   = os.path.join(SCRIPT_DIR,"Tools")
MACHINE     = Machines()
FAST_ONLY   = False
NO_BATCH    = False

logging.basicConfig()

###############################################################################
class A_RunUnitTests(unittest.TestCase):
###############################################################################

    def do_unit_tests(self, script,from_dir=SCRIPT_DIR):
        os.environ["CIMEROOT"] = CIME.utils.get_cime_root()
        stat, output, _ = run_cmd("./%s --test 2>&1" % script, ok_to_fail=True, from_dir=from_dir)
        self.assertEqual(stat, 0, msg=output)

    def test_acme_bisect_unit_test(self):
        self.do_unit_tests("acme_bisect",from_dir=TOOLS_DIR)

    def test_compare_namelists_unit_test(self):
        self.do_unit_tests("compare_namelists",from_dir=TOOLS_DIR)

    def test_jenkins_generic_job_unit_test(self):
        self.do_unit_tests("jenkins_generic_job",from_dir=TOOLS_DIR)

    def test_simple_compare_unit_test(self):
        self.do_unit_tests("simple_compare", from_dir=TOOLS_DIR)

    def test_update_acme_tests_unit_test(self):
        self.do_unit_tests("update_acme_tests", from_dir=TOOLS_DIR)

    def test_list_acme_tests_unit_test(self):
        self.do_unit_tests("list_acme_tests", from_dir=TOOLS_DIR)

    def test_wait_for_tests_unit_test(self):
        self.do_unit_tests("wait_for_tests", from_dir=TOOLS_DIR)

    def test_resolve_variable_name(self):
        files = Files()
        machinefile = files.get_value("MACHINES_SPEC_FILE")
        self.assertTrue(os.path.isfile(machinefile),
                        msg="Path did not resolve to existing file %s" % machinefile)

    def test_CIME_unit_tests(self):
        # Find and run all the unit tests in the CIME directory tree
        os.environ["PYTHONPATH"] = LIB_DIR
        stat, output, _ = run_cmd("python -m doctest *.py 2>&1", ok_to_fail=True, from_dir=os.path.join(LIB_DIR,"CIME"))
        self.assertEqual(stat, 0, msg=output)

    def test_CIMEXML_unit_tests(self):
        # Find and run all the unit tests in the XML directory tree
        os.environ["PYTHONPATH"] = LIB_DIR
        stat, output, _ = run_cmd("python -m doctest *.py 2>&1", ok_to_fail=True, from_dir=os.path.join(LIB_DIR,"CIME","XML"))
        self.assertEqual(stat, 0, msg=output)

###############################################################################
def make_fake_teststatus(path, testname, status, phase):
###############################################################################
    with open(path, "w") as fd:
        fd.write("%s %s %s\n" % (status, testname, phase))

###############################################################################
def parse_test_status(line):
###############################################################################
    regex = re.compile(r"Test '(\w+)' finished with status '(\w+)'")
    m = regex.match(line)
    return m.groups()

###############################################################################
def kill_subprocesses(name=None, sig=signal.SIGKILL, expected_num_killed=None, tester=None):
###############################################################################
    # Kill all subprocesses
    proc_ids = CIME.utils.find_proc_id(proc_name=name, children_only=True)
    if (expected_num_killed is not None):
        tester.assertEqual(len(proc_ids), expected_num_killed,
                           msg="Expected to find %d processes to kill, found %d" % (expected_num_killed, len(proc_ids)))
    for proc_id in proc_ids:
        try:
            os.kill(proc_id, sig)
        except OSError:
            pass

###############################################################################
def kill_python_subprocesses(sig=signal.SIGKILL, expected_num_killed=None, tester=None):
###############################################################################
    kill_subprocesses("[Pp]ython", sig, expected_num_killed, tester)

###########################################################################
def assert_dashboard_has_build(tester, build_name, expected_count=1):
###########################################################################
    # Do not test ACME dashboard if model is CESM
    if CIME.utils.get_model() == "acme":
        time.sleep(10) # Give chance for cdash to update

        wget_file = tempfile.mktemp()

        run_cmd("wget http://my.cdash.org/index.php?project=ACME_test -O %s" % wget_file)

        raw_text = open(wget_file, "r").read()
        os.remove(wget_file)

        num_found = raw_text.count(build_name)
        tester.assertEqual(num_found, expected_count,
                           msg="Dashboard did not have expected num occurances of build name '%s'. Expected %s, found %s" % (build_name, expected_count, num_found))

###############################################################################
def setup_proxy():
###############################################################################
    if ("http_proxy" not in os.environ):
        proxy = MACHINE.get_value("PROXY")
        if (proxy is not None):
            os.environ["http_proxy"] = proxy
            return True

    return False

###############################################################################
class B_TestCreateNewcase(unittest.TestCase):
###############################################################################
    def setUp(self):
        self._testroot = MACHINE.get_value("CESMSCRATCHROOT")
        self._testdirs = []
        self._do_teardown = []

    def test_createnewcase(self):
        testdir = os.path.join(self._testroot, 'scripts_regression_tests.testcreatenewcase')
        if os.path.exists(testdir):
            shutil.rmtree(testdir)
        self._testdirs.append(testdir)
        cmd = "%s/create_newcase --case %s --compset X --res f19_g16" % (SCRIPT_DIR, testdir)
        stat, output, errput = run_cmd(cmd, ok_to_fail=True, from_dir=SCRIPT_DIR)
        self.assertEqual(stat, 0, msg="COMMAND '%s' SHOULD HAVE WORKED\noutput:\n%s\n\nerrput:\n%s" % (cmd, output, errput))
        cmd = "./case.setup "
        stat, output, errput = run_cmd(cmd, ok_to_fail=True, from_dir=testdir)
        self.assertEqual(stat, 0, msg="COMMAND '%s' from case directory '%s' SHOULD HAVE WORKED\noutput:\n%s\n\nerrput:\n%s" % (cmd, testdir, output, errput))
        cmd = "./case.build"
        stat, output, errput = run_cmd(cmd, ok_to_fail=True, from_dir=testdir)
        self.assertEqual(stat, 0, msg="COMMAND '%s' from case directory '%s' SHOULD HAVE WORKED\noutput:\n%s\n\nerrput:\n%s" % (cmd, testdir,output, errput))
        self._do_teardown.append(testdir)

    def test_user_mods(self):
        testdir = os.path.join(self._testroot, 'scripts_regression_tests.testusermods')
        if os.path.exists(testdir):
            shutil.rmtree(testdir)
        self._testdirs.append(testdir)
        user_mods_dir = os.path.join(CIME.utils.get_python_libs_root(), "tests", "user_mods_test1")
        cmd = "%s/create_newcase --case %s --compset X --res f19_g16 --user-mods-dir %s" % (SCRIPT_DIR, testdir, user_mods_dir)
        stat, output, errput = run_cmd(cmd, ok_to_fail=True, from_dir=SCRIPT_DIR)
        self.assertEqual(stat, 0, msg="COMMAND '%s' SHOULD HAVE WORKED\noutput:\n%s\n\nerrput:\n%s" % (cmd, output, errput))
        self.assertTrue(os.path.isfile(os.path.join(testdir,"SourceMods","src.drv","somefile.F90")), msg="User_mods SourceMod missing")
        with open(os.path.join(testdir,"user_nl_cpl"),"r") as fd:
            contents = fd.read()
        self.assertTrue("a different cpl test option" in contents, msg="User_mods contents of user_nl_cpl missing")
        self.assertTrue("a cpl namelist option" in contents, msg="User_mods contents of user_nl_cpl missing")
        self._do_teardown.append(testdir)

    def tearDown(self):
        do_teardown = len(self._do_teardown) > 0 and sys.exc_info() == (None, None, None)

        for tfile in self._testdirs:
            if tfile not in self._do_teardown:
                print "Detected failed test or user request no teardown"
                print "Leaving case directory : %s"%tfile
            elif do_teardown:
                shutil.rmtree(tfile)
###############################################################################
class D_TestWaitForTests(unittest.TestCase):
###############################################################################

    ###########################################################################
    def setUp(self):
    ###########################################################################
        self._testroot = MACHINE.get_value("CESMSCRATCHROOT")
        self._testdir_all_pass     = os.path.join(self._testroot, 'scripts_regression_tests.testdir_all_pass')
        self._testdir_with_fail    =  os.path.join(self._testroot, 'scripts_regression_tests.testdir_with_fail')
        self._testdir_unfinished =  os.path.join(self._testroot, 'scripts_regression_tests.testdir_unfinished')
        for testdir in self._testdir_all_pass, self._testdir_with_fail, self._testdir_unfinished:
            if os.path.exists(testdir):
                shutil.rmtree(testdir)
            os.makedirs(testdir)

        for r in range(10):
            make_fake_teststatus(os.path.join(self._testdir_all_pass, "TestStatus_%d" % r), "Test_%d" % r, "PASS", "RUN")

        for r in range(10):
            make_fake_teststatus(os.path.join(self._testdir_with_fail, "TestStatus_%d" % r), "Test_%d" % r, "PASS" if r % 2 == 0 else "FAIL", "SETUP" )

        for r in range(10):
            make_fake_teststatus(os.path.join(self._testdir_unfinished, "TestStatus_%d" % r), "Test_%d" % r, "PEND" if r == 5 else "PASS", "compare")

        # Set up proxy if possible
        self._unset_proxy = setup_proxy()

        self._thread_error = None

    ###########################################################################
    def tearDown(self):
    ###########################################################################
        shutil.rmtree(self._testdir_all_pass)
        shutil.rmtree(self._testdir_with_fail)
        shutil.rmtree(self._testdir_unfinished)

        kill_subprocesses()

        if (self._unset_proxy):
            del os.environ["http_proxy"]

    ###########################################################################
    def simple_test(self, testdir, expected_results, extra_args="", build_name=None):
    ###########################################################################
        # Need these flags to test dashboard if acme
        if CIME.utils.get_model() == "acme" and build_name is not None:
            extra_args += " -b %s" % build_name

        cmd = "%s/wait_for_tests -p ACME_test TestStatus* %s" % (TOOLS_DIR, extra_args)
        stat, output, errput = run_cmd(cmd, ok_to_fail=True, from_dir=testdir)
        if (expected_results == ["PASS"]*len(expected_results)):
            self.assertEqual(stat, 0, msg="COMMAND '%s' SHOULD HAVE WORKED\nwait_for_tests output:\n%s\n\nerrput:\n%s" % (cmd, output, errput))
        else:
            self.assertEqual(stat, CIME.utils.TESTS_FAILED_ERR_CODE,
                             msg="COMMAND '%s' SHOULD HAVE DETECTED FAILED TESTS\nwait_for_tests output:\n%s\n\nerrput:\n%s" % (cmd, output, errput))

        lines = [line for line in output.splitlines() if line.startswith("Test '")]
        self.assertEqual(len(lines), 10)
        for idx, line in enumerate(lines):
            testname, status = parse_test_status(line)
            self.assertEqual(status, expected_results[idx])
            self.assertEqual(testname, "Test_%d" % idx)

    ###########################################################################
    def threaded_test(self, testdir, expected_results, extra_args="", build_name=None):
    ###########################################################################
        try:
            self.simple_test(testdir, expected_results, extra_args, build_name)
        except AssertionError as e:
            self._thread_error = str(e)

    ###########################################################################
    def test_wait_for_test_all_pass(self):
    ###########################################################################
        self.simple_test(self._testdir_all_pass, ["PASS"] * 10)

    ###########################################################################
    def test_wait_for_test_with_fail(self):
    ###########################################################################
        expected_results = ["PASS" if item % 2 == 0 else "FAIL" for item in range(10)]
        self.simple_test(self._testdir_with_fail, expected_results)

    ###########################################################################
    def test_wait_for_test_no_wait(self):
    ###########################################################################
        expected_results = ["PEND" if item == 5 else "PASS" for item in range(10)]
        self.simple_test(self._testdir_unfinished, expected_results, "-n")

    ###########################################################################
    def test_wait_for_test_wait(self):
    ###########################################################################
        run_thread = threading.Thread(target=self.threaded_test, args=(self._testdir_unfinished, ["PASS"] * 10))
        run_thread.daemon = True
        run_thread.start()

        time.sleep(5) # Kinda hacky

        self.assertTrue(run_thread.isAlive(), msg="wait_for_tests should have waited")

        make_fake_teststatus(os.path.join(self._testdir_unfinished, "TestStatus_5"), "Test_5", "PASS", "RUN")

        run_thread.join(timeout=10)

        self.assertFalse(run_thread.isAlive(), msg="wait_for_tests should have finished")

        self.assertTrue(self._thread_error is None, msg="Thread had failure: %s" % self._thread_error)

    ###########################################################################
    def test_wait_for_test_wait_kill(self):
    ###########################################################################
        expected_results = ["PEND" if item == 5 else "PASS" for item in range(10)]
        run_thread = threading.Thread(target=self.threaded_test, args=(self._testdir_unfinished, expected_results))
        run_thread.daemon = True
        run_thread.start()

        time.sleep(5)

        self.assertTrue(run_thread.isAlive(), msg="wait_for_tests should have waited")

        kill_python_subprocesses(signal.SIGTERM, expected_num_killed=1, tester=self)

        run_thread.join(timeout=10)

        self.assertFalse(run_thread.isAlive(), msg="wait_for_tests should have finished")

        self.assertTrue(self._thread_error is None, msg="Thread had failure: %s" % self._thread_error)

    ###########################################################################
    def test_wait_for_test_cdash_pass(self):
    ###########################################################################
        expected_results = ["PASS"] * 10
        run_thread = threading.Thread(target=self.threaded_test,
                                      args=(self._testdir_all_pass, expected_results, "", "regression_test_pass"))
        run_thread.daemon = True
        run_thread.start()

        run_thread.join(timeout=10)

        self.assertFalse(run_thread.isAlive(), msg="wait_for_tests should have finished")

        self.assertTrue(self._thread_error is None, msg="Thread had failure: %s" % self._thread_error)

        assert_dashboard_has_build(self, "regression_test_pass")

    ###########################################################################
    def test_wait_for_test_cdash_kill(self):
    ###########################################################################
        expected_results = ["PEND" if item == 5 else "PASS" for item in range(10)]
        run_thread = threading.Thread(target=self.threaded_test,
                                      args=(self._testdir_unfinished, expected_results, "", "regression_test_kill"))
        run_thread.daemon = True
        run_thread.start()

        time.sleep(5)

        self.assertTrue(run_thread.isAlive(), msg="wait_for_tests should have waited")

        kill_python_subprocesses(signal.SIGTERM, expected_num_killed=1, tester=self)

        run_thread.join(timeout=10)

        self.assertFalse(run_thread.isAlive(), msg="wait_for_tests should have finished")
        self.assertTrue(self._thread_error is None, msg="Thread had failure: %s" % self._thread_error)

        assert_dashboard_has_build(self, "regression_test_kill")

        if CIME.utils.get_model() == "acme":
            cdash_result_dir = os.path.join(self._testdir_unfinished, "Testing")
            tag_file         = os.path.join(cdash_result_dir, "TAG")
            self.assertTrue(os.path.isdir(cdash_result_dir))
            self.assertTrue(os.path.isfile(tag_file))

            tag = open(tag_file, "r").readlines()[0].strip()
            xml_file = os.path.join(cdash_result_dir, tag, "Test.xml")
            self.assertTrue(os.path.isfile(xml_file))

            xml_contents = open(xml_file, "r").read()
            self.assertTrue(r'<TestList><Test>Test_0</Test><Test>Test_1</Test><Test>Test_2</Test><Test>Test_3</Test><Test>Test_4</Test><Test>Test_5</Test><Test>Test_6</Test><Test>Test_7</Test><Test>Test_8</Test><Test>Test_9</Test></TestList>'
                            in xml_contents)
            self.assertTrue(r'<Test Status="failed"><Name>Test_5</Name>' in xml_contents)

            # TODO: Any further checking of xml output worth doing?

###############################################################################
class TestCreateTestCommon(unittest.TestCase):
###############################################################################

    ###########################################################################
    def setUp(self):
    ###########################################################################
        self._thread_error      = None
        self._unset_proxy       = setup_proxy()
        self._baseline_name     = "fake_testing_only_%s" % CIME.utils.get_utc_timestamp()
        self._machine           = MACHINE.get_machine_name()
        self._baseline_area     = MACHINE.get_value("CCSM_BASELINE")
        self._testroot          = MACHINE.get_value("CESMSCRATCHROOT")
        self._jenkins_root      = os.path.join(self._testroot, "jenkins")
        self._compiler          = MACHINE.get_default_compiler()
        self._hasbatch          = MACHINE.has_batch_system() and not NO_BATCH
        self._do_teardown       = True # Will never do teardown if test failed

    ###########################################################################
    def tearDown(self):
    ###########################################################################
        kill_subprocesses()

        if (self._unset_proxy):
            del os.environ["http_proxy"]

        files_to_clean = []

        baselines = os.path.join(self._baseline_area, self._compiler, self._baseline_name)
        if (os.path.isdir(baselines)):
            files_to_clean.append(baselines)

        for root in [self._testroot, self._jenkins_root]:
            for test_id in ["master", self._baseline_name]:
                for leftover in glob.glob(os.path.join(root, "*%s*" % test_id)):
                    files_to_clean.append(leftover)

        do_teardown = self._do_teardown and sys.exc_info() == (None, None, None)
        if (not do_teardown):
            print "Detected failed test or user request no teardown"
            print "Leaving files:"
            for file_to_clean in files_to_clean:
                print " ", file_to_clean
        else:
            for file_to_clean in files_to_clean:
                if (os.path.isdir(file_to_clean)):
                    shutil.rmtree(file_to_clean)
                else:
                    os.remove(file_to_clean)

###############################################################################
class C_TestCreateTest(TestCreateTestCommon):
###############################################################################

    ###########################################################################
    def simple_test(self, expect_works, extra_args):
    ###########################################################################
        if NO_BATCH:
            extra_args += " --no-batch"
        cmd = "%s/create_test acme_test_only_pass %s" % (SCRIPT_DIR, extra_args)
        stat, output, errput = run_cmd(cmd, ok_to_fail=True)
        if (expect_works):
            self.assertEqual(stat, 0, msg="COMMAND '%s' SHOULD HAVE WORKED\ncreate_test output:\n%s\n\nerrput:\n%s\n\ncode: %d" % (cmd, output, errput, stat))
        else:
            self.assertEqual(stat, CIME.utils.TESTS_FAILED_ERR_CODE,
                             msg="COMMAND '%s' SHOULD HAVE DETECTED FAILED TESTS\ncreate_test output:\n%s\n\nerrput:\n%ss\n\ncode: %d" % (cmd, output, errput, stat))

    ###############################################################################
    def test_create_test_rebless_namelist(self):
    ###############################################################################
        # Generate some namelist baselines
        self.simple_test(True, "-g -n -b %s -t %s-%s" % (self._baseline_name, self._baseline_name, CIME.utils.get_utc_timestamp()))

        # Basic namelist compare
        self.simple_test(True, "-c -n -b %s -t %s-%s" % (self._baseline_name, self._baseline_name, CIME.utils.get_utc_timestamp()))

        # Modify namelist
        fake_nl = """
 &fake_nml
   fake_item = 'fake'
   fake = .true.
/"""
        baseline_area = self._baseline_area
        compiler      = self._compiler
        baseline_glob = glob.glob(os.path.join(baseline_area, compiler, self._baseline_name, "TEST*"))
        self.assertEqual(len(baseline_glob), 3, msg="Expected three matches, got:\n%s" % "\n".join(baseline_glob))

        baseline_dir = baseline_glob[0]
        nl_path = os.path.join(baseline_dir, "CaseDocs", "datm_in")
        self.assertTrue(os.path.isfile(nl_path), msg="Missing file %s" % nl_path)

        import stat
        os.chmod(nl_path, stat.S_IRUSR | stat.S_IWUSR)
        with open(nl_path, "a") as nl_file:
            nl_file.write(fake_nl)

        # Basic namelist compare should now fail
        self.simple_test(False, "-c -n -b %s -t %s-%s" % (self._baseline_name, self._baseline_name, CIME.utils.get_utc_timestamp()))

        # Regen
        self.simple_test(True, "-g -n -b %s -t %s-%s" % (self._baseline_name, self._baseline_name, CIME.utils.get_utc_timestamp()))

        # Basic namelist compare should now pass again
        self.simple_test(True, "-c -n -b %s -t %s-%s" % (self._baseline_name, self._baseline_name, CIME.utils.get_utc_timestamp()))

###############################################################################
class E_TestSystemTest(TestCreateTestCommon):
###############################################################################

    ###########################################################################
    def test_a_phases(self):
    ###########################################################################
        # exclude the MEMLEAK tests here.
        tests = update_acme_tests.get_full_test_names(["acme_test_only",
                                                       "^TESTMEMLEAKFAIL_Mmpi-serial.f19_g16.X", "^TESTMEMLEAKPASS_Mmpi-serial.f19_g16.X"],
                                                      self._machine, self._compiler)
        self.assertEqual(len(tests), 3)
        ct = SystemTest(tests)

        build_fail_test = [item for item in tests if "TESTBUILDFAIL" in item][0]
        run_fail_test   = [item for item in tests if "TESTRUNFAIL" in item][0]
        pass_test       = [item for item in tests if "TESTRUNPASS" in item][0]

        self.assertTrue("BUILDFAIL" in build_fail_test, msg="Wrong test '%s'" % build_fail_test)
        self.assertTrue("RUNFAIL" in run_fail_test, msg="Wrong test '%s'" % run_fail_test)
        self.assertTrue("RUNPASS" in pass_test, msg="Wrong test '%s'" % pass_test)

        for idx, phase in enumerate(ct._phases):
            for test in ct._tests:
                if (phase == CIME.system_test.INITIAL_PHASE):
                    continue
                elif (phase == CIME.system_test.MODEL_BUILD_PHASE):
                    ct._update_test_status(test, phase, wait_for_tests.TEST_PENDING_STATUS)

                    if (test == build_fail_test):
                        ct._update_test_status(test, phase, wait_for_tests.TEST_FAIL_STATUS)
                        self.assertTrue(ct._is_broken(test))
                        self.assertFalse(ct._work_remains(test))
                    else:
                        ct._update_test_status(test, phase, wait_for_tests.TEST_PASS_STATUS)
                        self.assertFalse(ct._is_broken(test))
                        self.assertTrue(ct._work_remains(test))

                elif (phase == CIME.system_test.RUN_PHASE):
                    if (test == build_fail_test):
                        with self.assertRaises(SystemExit):
                            ct._update_test_status(test, phase, wait_for_tests.TEST_PENDING_STATUS)
                    else:
                        ct._update_test_status(test, phase, wait_for_tests.TEST_PENDING_STATUS)
                        self.assertFalse(ct._work_remains(test))

                        if (test == run_fail_test):
                            ct._update_test_status(test, phase, wait_for_tests.TEST_FAIL_STATUS)
                            self.assertTrue(ct._is_broken(test))
                        else:
                            ct._update_test_status(test, phase, wait_for_tests.TEST_PASS_STATUS)
                            self.assertFalse(ct._is_broken(test))

                    self.assertFalse(ct._work_remains(test))

                else:
                    with self.assertRaises(SystemExit):
                        ct._update_test_status(test, ct._phases[idx+1], wait_for_tests.TEST_PENDING_STATUS)

                    with self.assertRaises(SystemExit):
                        ct._update_test_status(test, phase, wait_for_tests.TEST_PASS_STATUS)

                    ct._update_test_status(test, phase, wait_for_tests.TEST_PENDING_STATUS)
                    self.assertFalse(ct._is_broken(test))
                    self.assertTrue(ct._work_remains(test))

                    with self.assertRaises(SystemExit):
                        ct._update_test_status(test, phase, wait_for_tests.TEST_PENDING_STATUS)

                    ct._update_test_status(test, phase, wait_for_tests.TEST_PASS_STATUS)

                    with self.assertRaises(SystemExit):
                        ct._update_test_status(test, phase, wait_for_tests.TEST_FAIL_STATUS)

                    self.assertFalse(ct._is_broken(test))
                    self.assertTrue(ct._work_remains(test))

    ###########################################################################
    def test_b_full(self):
    ###########################################################################
        tests = update_acme_tests.get_full_test_names(["acme_test_only"], self._machine, self._compiler)
        test_id="%s-%s" % (self._baseline_name, CIME.utils.get_utc_timestamp())
        ct = SystemTest(tests, test_id=test_id, no_batch=NO_BATCH)

        build_fail_test = [item for item in tests if "TESTBUILDFAIL" in item][0]
        run_fail_test   = [item for item in tests if "TESTRUNFAIL" in item][0]
        pass_test       = [item for item in tests if "TESTRUNPASS" in item][0]
        mem_fail_test   = [item for item in tests if "TESTMEMLEAKFAIL" in item][0]
        mem_pass_test   = [item for item in tests if "TESTMEMLEAKPASS" in item][0]

        try:
            sys.stdout = open("/dev/null", "w")
            ct.system_test()
        finally:
            sys.stdout = sys.__stdout__

        if (self._hasbatch):
            run_cmd("%s/wait_for_tests *%s*/TestStatus*" % (TOOLS_DIR, test_id), ok_to_fail=True, from_dir=self._testroot)

        test_statuses = glob.glob("%s/*%s*/TestStatus" % (self._testroot, test_id))
        self.assertEqual(len(tests), len(test_statuses))

        for test_status in test_statuses:
            status, test_name = wait_for_tests.parse_test_status_file(test_status)
            if (test_name == build_fail_test):
                self.assertEqual(status[CIME.system_test.MODEL_BUILD_PHASE], wait_for_tests.TEST_FAIL_STATUS)
            elif (test_name == run_fail_test):
                self.assertEqual(status[CIME.system_test.RUN_PHASE], wait_for_tests.TEST_FAIL_STATUS)
            elif (test_name == mem_fail_test):
                self.assertTrue("memleak" in status, "memleak missing in %s for test %s" % (status, test_name))
                self.assertEqual(status["memleak"], wait_for_tests.TEST_FAIL_STATUS)
                self.assertEqual(status[CIME.system_test.RUN_PHASE], wait_for_tests.TEST_PASS_STATUS)
            else:
                self.assertTrue(test_name in [pass_test, mem_pass_test])
                self.assertEqual(status[CIME.system_test.RUN_PHASE], wait_for_tests.TEST_PASS_STATUS)
                if (test_name == mem_pass_test):
                    self.assertEqual(status["memleak"], wait_for_tests.TEST_PASS_STATUS)

###############################################################################
class TestJenkinsGenericJob(TestCreateTestCommon):
###############################################################################

    ###########################################################################
    def setUp(self):
    ###########################################################################
        TestCreateTestCommon.setUp(self)

        # Need to run in a subdir in order to not have CTest clash
        self._testdir = os.path.join(self._testroot, "jenkins_generic_test_subdir_%s" % self._baseline_name)
        os.makedirs(self._testdir)

    ###########################################################################
    def simple_test(self, expect_works, extra_args, build_name=None):
    ###########################################################################
        if NO_BATCH:
            extra_args += " --no-batch"

        # Need these flags to test dashboard if acme
        if CIME.utils.get_model() == "acme" and build_name is not None:
            extra_args += " -p ACME_test --submit-to-cdash --cdash-build-group=Nightly -c %s" % build_name

        cmd = "%s/jenkins_generic_job %s" % (TOOLS_DIR, extra_args)
        stat, output, errput = run_cmd(cmd, ok_to_fail=True, from_dir=self._testdir)
        if (expect_works):
            self.assertEqual(stat, 0, msg="COMMAND '%s' SHOULD HAVE WORKED\njenkins_generic_job output:\n%s\n\nerrput:\n%s" % (cmd, output, errput))
        else:
            self.assertEqual(stat, CIME.utils.TESTS_FAILED_ERR_CODE, msg="COMMAND '%s' SHOULD HAVE DETECTED FAILED TESTS\njenkins_generic_job output:\n%s\n\nerrput:\n%s" % (cmd, output, errput))

    ###########################################################################
    def threaded_test(self, expect_works, extra_args, build_name=None):
    ###########################################################################
        try:
            self.simple_test(expect_works, extra_args, build_name)
        except AssertionError as e:
            self._thread_error = str(e)

    ###########################################################################
    def assert_no_sentinel(self):
    ###########################################################################
        self.assertFalse(os.path.isfile(os.path.join(self._testroot, "ONGOING_TEST")),
                         "job did not cleanup successfully")

    ###########################################################################
    def assert_num_leftovers(self, test_id=None):
    ###########################################################################
        # There should only be two directories matching the test_id in both
        # the testroot (bld/run dump area) and jenkins root
        if (test_id is None):
            test_id = self._baseline_name
        num_tests_in_tiny = len(update_acme_tests.get_test_suite("acme_test_only_pass"))

        jenkins_dirs = glob.glob("%s/*%s*/" % (self._jenkins_root, test_id))
        scratch_dirs = glob.glob("%s/*%s*/" % (self._testroot, test_id))

        self.assertEqual(num_tests_in_tiny, len(jenkins_dirs),
                         msg="Wrong number of leftover directories in %s, expected %d, see %s" % \
                             (self._jenkins_root, num_tests_in_tiny, jenkins_dirs))

        self.assertEqual(num_tests_in_tiny + 1, len(scratch_dirs),
                         msg="Wrong number of leftover directories in %s, expected %d, see %s" % \
                             (self._testroot, num_tests_in_tiny, scratch_dirs))

    ###########################################################################
    def test_jenkins_generic_job(self):
    ###########################################################################
        # Unfortunately, this test is very long-running

        # Generate fresh baselines so that this test is not impacted by
        # unresolved diffs
        self.simple_test(True, "-t acme_test_only_pass -g -b %s" % self._baseline_name)
        self.assert_num_leftovers()

        build_name = "jenkins_generic_job_pass_%s" % CIME.utils.get_utc_timestamp()
        self.simple_test(True, "-t acme_test_only_pass -b %s" % self._baseline_name, build_name=build_name)
        self.assert_num_leftovers() # jenkins_generic_job should have automatically cleaned up leftovers from prior run
        self.assert_no_sentinel()
        assert_dashboard_has_build(self, build_name)

    ###########################################################################
    def test_jenkins_generic_job_kill(self):
    ###########################################################################
        build_name = "jenkins_generic_job_kill_%s" % CIME.utils.get_utc_timestamp()
        run_thread = threading.Thread(target=self.threaded_test, args=(False, " -t acme_test_only_slow_pass -b master --baseline-compare=no", build_name))
        run_thread.daemon = True
        run_thread.start()

        time.sleep(120)

        kill_subprocesses(sig=signal.SIGTERM)

        run_thread.join(timeout=10)

        self.assertFalse(run_thread.isAlive(), msg="jenkins_generic_job should have finished")
        self.assertTrue(self._thread_error is None, msg="Thread had failure: %s" % self._thread_error)
        self.assert_no_sentinel()
        assert_dashboard_has_build(self, build_name)

###############################################################################
class TestBlessTestResults(TestCreateTestCommon):
###############################################################################

    _test_name = "TESTRUNDIFF_Mmpi-serial.f19_g16_rx1.A"

    ###########################################################################
    def simple_test(self, expect_works, extra_args):
    ###########################################################################
        if NO_BATCH:
            extra_args += " --no-batch"
        cmd = "%s/create_test %s %s" % (SCRIPT_DIR, self._test_name, extra_args)
        stat, output, errput = run_cmd(cmd, ok_to_fail=True)

        if (self._hasbatch):
            self.assertEqual(stat, 0, msg="COMMAND '%s' SHOULD HAVE WORKED\ncreate_test output:\n%s\n\nerrput:\n%s\n\ncode: %d" % (cmd, output, errput, stat))
            test_id = extra_args.split()[extra_args.split().index("-t") + 1]
            stat, output, errput = run_cmd("%s/wait_for_tests *%s*/TestStatus" % (TOOLS_DIR, test_id), ok_to_fail=True, from_dir=self._testroot)

        if (expect_works):
            self.assertEqual(stat, 0, msg="COMMAND '%s' SHOULD HAVE WORKED\nOutput:\n%s\n\nerrput:\n%s\n\ncode: %d" % (cmd, output, errput, stat))
        else:
            self.assertEqual(stat, CIME.utils.TESTS_FAILED_ERR_CODE, msg="COMMAND '%s' SHOULD HAVE DETECTED FAILED TESTS\nOutput:\n%s\n\nerrput:\n%ss\n\ncode: %d" % (cmd, output, errput, stat))

    ###############################################################################
    def test_create_test_rebless_namelist(self):
    ###############################################################################
        # Generate some namelist baselines
        self.simple_test(True, "-g -b %s -t %s-%s" % (self._baseline_name, self._baseline_name, CIME.utils.get_utc_timestamp()))

        # Change baseline
        baseline_area = MACHINE.get_value("CCSM_BASELINE")
        compiler      = MACHINE.get_default_compiler()
        baseline_glob = glob.glob(os.path.join(baseline_area, compiler, self._baseline_name, "%s*" % self._test_name))
        self.assertEqual(len(baseline_glob), 1, msg="Expected one match, got:\n%s" % "\n".join(baseline_glob))

        baseline_dir = baseline_glob[0]
        os.remove(os.path.join(baseline_dir, "cpl.hi.nc"))
        shutil.copy(os.path.join(CIME.utils.get_python_libs_root(), "tests", "cpl.hi2.nc.test"), os.path.join(baseline_dir, "cpl.hi.nc"))

        # Hist compare should now fail
        test_id = "%s-%s" % (self._baseline_name, CIME.utils.get_utc_timestamp())
        self.simple_test(False, "-c -b %s -t %s" % (self._baseline_name, test_id))

        # Bless
        run_cmd("%s/bless_test_results --hist-only --force -b %s -t %s" % (TOOLS_DIR, self._baseline_name, test_id))

        # Hist compare should now pass again
        self.simple_test(True, "-c -b %s -t %s-%s" % (self._baseline_name, self._baseline_name, CIME.utils.get_utc_timestamp()))

###############################################################################
@unittest.skip("Disabling this test until we figure out how to integrate ACME tests and CIME xml files.")
class TestUpdateACMETests(unittest.TestCase):
###############################################################################

    ###########################################################################
    def setUp(self):
    ###########################################################################
        # Grab all active tests
        self._testlist_allactive = os.path.join(CIME.utils.get_model_config_root(), "allactive", "testlist_allactive.xml")
        shutil.copy2(self._testlist_allactive, ".")

    ###########################################################################
    def tearDown(self):
    ###########################################################################
        shutil.copy2("testlist_allactive.xml", self._testlist_allactive)

    ###########################################################################
    def test_update_acme_tests(self):
    ###########################################################################
        # Add some testable stuff to acme tests
        update_acme_tests._TEST_SUITES["acme_tiny"] = \
            (None, (("ERS.f19_g16_rx1.A", "jgftestmodtest/test_mod"),
                    ("NCK.f19_g16_rx1.A", "jgftestmodtest/test_mod"))
             )

        try:
            update_acme_tests.update_acme_tests(os.path.basename(self._testlist_allactive), update_acme_tests.get_test_suites())
        except:
            traceback.print_tb(sys.exc_info()[2])
            self.assertTrue(False, str(sys.exc_info()[1]))

        stat = run_cmd("grep 'jgftestmodtest/test_mod' %s" % os.path.basename(self._testlist_allactive), ok_to_fail=True)[0]
        self.assertEqual(stat, 0, msg="update_acme_tests did not update XML")

    ###########################################################################
    def test_update_acme_tests_test_mods(self):
    ###########################################################################
        machine = "melvin"
        not_my_machine = "%s_jgftest" % machine

        # Add some testable stuff to acme tests
        update_acme_tests._TEST_SUITES["acme_tiny"] = \
            (None, (("ERS.f19_g16_rx1.A", "test_mod"),
                    ("ERS.f19_g16_rx1.B", "test_mod", machine),
                    ("ERS.f19_g16_rx1.C", "test_mod", (machine, not_my_machine)),
                    ("ERS.f19_g16_rx1.D", "test_mod", not_my_machine),
                    "ERS.f19_g16_rx1.E")
             )

        tests = update_acme_tests.get_test_suite("acme_tiny", compiler="gnu")

        self.assertEqual(5, len(tests))
        self.assertTrue("ERS.f19_g16_rx1.A.melvin_gnu.test_mod" in tests)
        self.assertTrue("ERS.f19_g16_rx1.B.melvin_gnu.test_mod" in tests)
        self.assertTrue("ERS.f19_g16_rx1.C.melvin_gnu.test_mod" in tests)
        self.assertTrue("ERS.f19_g16_rx1.D.melvin_gnu" in tests)
        self.assertTrue("ERS.f19_g16_rx1.E.melvin_gnu" in tests)

        if (CIME.utils.does_machine_have_batch()):
            stat, output, errput = run_cmd("%s/wait_for_tests *%s*/TestStatus" % (TOOLS_DIR, self._baseline_name), ok_to_fail=True, from_dir=self._testroot)
            self.assertEqual(stat, 0,
                             msg="COMMAND SHOULD HAVE WORKED\nwait_for_tests output:\n%s\n\nerrput:\n%s\n\ncode: %d" % (output, errput, stat))


        stat, output, errput = run_cmd("%s/cs.status.%s" % (self._testroot, self._baseline_name), ok_to_fail=True)
        self.assertEqual(stat, 0,
                         msg="COMMAND SHOULD HAVE WORKED\ncs.status output:\n%s\n\nerrput:\n%s\n\ncode: %d" % (output, errput, stat))

###############################################################################
class Z_FullSystemTest(TestCreateTestCommon):
###############################################################################

    ###########################################################################
    def test_full_system(self):
    ###########################################################################
        # Put this inside any test that's slow
        if (FAST_ONLY):
            self.skipTest("Skipping slow test")

        create_test_cmd =  "%s/create_test cime_developer -t %s" % (SCRIPT_DIR, self._baseline_name)
        if NO_BATCH:
            create_test_cmd += " --no-batch"

        stat, output, errput = run_cmd(create_test_cmd, ok_to_fail=True)
        self.assertEqual(stat, 0,
                         msg="COMMAND SHOULD HAVE WORKED\ncreate_test output:\n%s\n\nerrput:\n%s\n\ncode: %d" % (output, errput, stat))

        if (self._hasbatch):
            stat, output, errput = run_cmd("%s/wait_for_tests *%s*/TestStatus" % (TOOLS_DIR, self._baseline_name),
                                           ok_to_fail=True, from_dir=self._testroot)
            self.assertEqual(stat, 0,
                             msg="COMMAND SHOULD HAVE WORKED\nwait_for_tests output:\n%s\n\nerrput:\n%s\n\ncode: %d" % (output, errput, stat))

        stat, output, errput = run_cmd("%s/cs.status.%s" % (self._testroot, self._baseline_name),
                                       ok_to_fail=True,  from_dir=self._testroot)
        self.assertEqual(stat, 0,
                         msg="COMMAND SHOULD HAVE WORKED\ncs.status output:\n%s\n\nerrput:\n%s\n\ncode: %d" % (output, errput, stat))

###############################################################################
class TestCimeCase(TestCreateTestCommon):
###############################################################################

    ###########################################################################
    def test_cime_case(self):
    ###########################################################################
        stat, output, errput = run_cmd("%s/create_test acme_test_only -t %s --no-build" % (SCRIPT_DIR, self._baseline_name), ok_to_fail=True)
        self.assertEqual(stat, 0,
                         msg="COMMAND SHOULD HAVE WORKED\ncreate_test output:\n%s\n\nerrput:\n%s\n\ncode: %d" % (output, errput, stat))

        casedir = os.path.join(self._testroot,
                               "%s.%s" % (CIME.utils.get_full_test_name("TESTRUNPASS_Mmpi-serial.f19_g16_rx1.A", machine=self._machine, compiler=self._compiler), self._baseline_name))
        self.assertTrue(os.path.isdir(casedir), msg="Missing casedir '%s'" % casedir)
        case = Case(casedir)

        build_complete = case.get_value("BUILD_COMPLETE")
        self.assertFalse(build_complete,
                         msg="Build complete had wrong value '%s'" % build_complete)

        case.set_value("BUILD_COMPLETE", True)
        build_complete = case.get_value("BUILD_COMPLETE")
        self.assertTrue(build_complete,
                        msg="Build complete had wrong value '%s'" % build_complete)

        case.flush()

        build_complete = run_cmd("./xmlquery BUILD_COMPLETE -value", from_dir=casedir)
        self.assertTrue(build_complete,
                        msg="Build complete had wrong value '%s'" % build_complete)

###############################################################################

def _main_func():

    if ("--fast" in sys.argv):
        sys.argv.remove("--fast")
        global FAST_ONLY
        FAST_ONLY = True

    if ("--no-batch" in sys.argv):
        sys.argv.remove("--no-batch")
        global NO_BATCH
        NO_BATCH = True

    unittest.main(verbosity=2)

if (__name__ == "__main__"):
    _main_func()
